<?xml version="1.0" encoding="UTF-8"?>
<!-- Generated by org.testng.reporters.JUnitXMLReporter -->
<testsuite hostname="DESKTOP-76OICLS" ignored="0" name="test" tests="6" failures="0" timestamp="2020-09-26T14:40:18 IST" time="264.304" errors="0">
  <testcase name="google_task" time="23.959" classname="appium_project.activity_1"/>
  <testcase name="google_keep" time="10.522" classname="appium_project.activity_2"/>
  <testcase name="google_keep_reminder" time="16.039" classname="appium_project.activity_3"/>
  <testcase name="google_todolist" time="32.461" classname="appium_project.activity_4"/>
  <testcase name="google_login" time="34.203" classname="appium_project.activity_5"/>
  <testcase name="google_popup" time="44.476" classname="appium_project.activity_6"/>
</testsuite> <!-- test -->
